<?xml version="1.0" encoding="UTF-8"?>
<!-- Generated by org.testng.reporters.JUnitReportReporter -->
<testsuite skipped="0" hostname="DESKTOP-LT0H2AE" name="com.ninjas.tests.TestUsingMaven" tests="1" failures="0" timestamp="14 Mar 2018 01:34:28 GMT" time="5.775" errors="0">
  <testcase name="test" time="5.775" classname="com.ninjas.tests.TestUsingMaven"/>
</testsuite> <!-- com.ninjas.tests.TestUsingMaven -->
